2022-07-03 14:01:50.548 +03:00 [INF] Now listening on: https://localhost:7250
2022-07-03 14:01:50.573 +03:00 [INF] Now listening on: http://localhost:5250
2022-07-03 14:01:50.581 +03:00 [INF] Application started. Press Ctrl+C to shut down.
2022-07-03 14:01:50.584 +03:00 [INF] Hosting environment: Development
2022-07-03 14:01:50.586 +03:00 [INF] Content root path: C:\Users\samoi\source\repos\CoronaApp_backend\CoronaApp_backend\
2022-07-03 14:01:51.485 +03:00 [INF] Request starting HTTP/2 GET https://localhost:7250/swagger - -
2022-07-03 14:01:51.563 +03:00 [INF] Request finished HTTP/2 GET https://localhost:7250/swagger - - - 301 0 - 79.8846ms
2022-07-03 14:01:51.568 +03:00 [INF] Request starting HTTP/2 GET https://localhost:7250/swagger/index.html - -
2022-07-03 14:01:51.705 +03:00 [INF] Request finished HTTP/2 GET https://localhost:7250/swagger/index.html - - - 200 - text/html;charset=utf-8 137.0234ms
2022-07-03 14:01:51.708 +03:00 [INF] Request starting HTTP/2 GET https://localhost:7250/swagger/swagger-ui-standalone-preset.js - -
2022-07-03 14:01:51.708 +03:00 [INF] Request starting HTTP/2 GET https://localhost:7250/swagger/swagger-ui-bundle.js - -
2022-07-03 14:01:51.713 +03:00 [INF] Request starting HTTP/2 GET https://localhost:7250/swagger/swagger-ui.css - -
2022-07-03 14:01:51.709 +03:00 [INF] Request starting HTTP/2 GET https://localhost:7250/_framework/aspnetcore-browser-refresh.js - -
2022-07-03 14:01:51.712 +03:00 [INF] Request starting HTTP/2 GET https://localhost:7250/_vs/browserLink - -
2022-07-03 14:01:51.730 +03:00 [INF] Request finished HTTP/2 GET https://localhost:7250/_framework/aspnetcore-browser-refresh.js - - - 200 12004 application/javascript;+charset=utf-8 21.0005ms
2022-07-03 14:01:51.750 +03:00 [INF] Sending file. Request path: '/swagger-ui.css'. Physical path: 'N/A'
2022-07-03 14:01:51.779 +03:00 [INF] Request finished HTTP/2 GET https://localhost:7250/swagger/swagger-ui.css - - - 200 143943 text/css 65.9637ms
2022-07-03 14:01:51.805 +03:00 [INF] Sending file. Request path: '/swagger-ui-standalone-preset.js'. Physical path: 'N/A'
2022-07-03 14:01:51.806 +03:00 [INF] Sending file. Request path: '/swagger-ui-bundle.js'. Physical path: 'N/A'
2022-07-03 14:01:51.812 +03:00 [INF] Request finished HTTP/2 GET https://localhost:7250/swagger/swagger-ui-standalone-preset.js - - - 200 339486 application/javascript 103.4133ms
2022-07-03 14:01:51.816 +03:00 [INF] Request finished HTTP/2 GET https://localhost:7250/swagger/swagger-ui-bundle.js - - - 200 1095087 application/javascript 107.8286ms
2022-07-03 14:01:51.819 +03:00 [INF] Request finished HTTP/2 GET https://localhost:7250/_vs/browserLink - - - 200 - text/javascript;+charset=UTF-8 107.5642ms
2022-07-03 14:01:51.982 +03:00 [INF] Request starting HTTP/2 GET https://localhost:7250/swagger/v1/swagger.json - -
2022-07-03 14:01:52.121 +03:00 [INF] Request finished HTTP/2 GET https://localhost:7250/swagger/v1/swagger.json - - - 200 - application/json;charset=utf-8 139.4514ms
2022-07-03 14:01:59.538 +03:00 [INF] Now listening on: https://localhost:7250
2022-07-03 14:01:59.566 +03:00 [INF] Now listening on: http://localhost:5250
2022-07-03 14:01:59.575 +03:00 [INF] Application started. Press Ctrl+C to shut down.
2022-07-03 14:01:59.579 +03:00 [INF] Hosting environment: Development
2022-07-03 14:01:59.582 +03:00 [INF] Content root path: C:\Users\samoi\source\repos\CoronaApp_backend\CoronaApp_backend\
2022-07-03 14:02:00.295 +03:00 [INF] Request starting HTTP/2 GET https://localhost:7250/swagger - -
2022-07-03 14:02:00.371 +03:00 [INF] Request finished HTTP/2 GET https://localhost:7250/swagger - - - 301 0 - 77.4707ms
2022-07-03 14:02:00.376 +03:00 [INF] Request starting HTTP/2 GET https://localhost:7250/swagger/index.html - -
2022-07-03 14:02:00.522 +03:00 [INF] Request starting HTTP/2 GET https://localhost:7250/swagger/swagger-ui-standalone-preset.js - -
2022-07-03 14:02:00.522 +03:00 [INF] Request starting HTTP/2 GET https://localhost:7250/swagger/swagger-ui-bundle.js - -
2022-07-03 14:02:00.526 +03:00 [INF] Request starting HTTP/2 GET https://localhost:7250/swagger/swagger-ui.css - -
2022-07-03 14:02:00.524 +03:00 [INF] Request starting HTTP/2 GET https://localhost:7250/_framework/aspnetcore-browser-refresh.js - -
2022-07-03 14:02:00.526 +03:00 [INF] Request starting HTTP/2 GET https://localhost:7250/_vs/browserLink - -
2022-07-03 14:02:00.534 +03:00 [INF] Request finished HTTP/2 GET https://localhost:7250/swagger/index.html - - - 200 - text/html;charset=utf-8 157.8334ms
2022-07-03 14:02:00.554 +03:00 [INF] Request finished HTTP/2 GET https://localhost:7250/_framework/aspnetcore-browser-refresh.js - - - 200 12004 application/javascript;+charset=utf-8 31.1705ms
2022-07-03 14:02:00.643 +03:00 [INF] Sending file. Request path: '/swagger-ui.css'. Physical path: 'N/A'
2022-07-03 14:02:00.643 +03:00 [INF] Sending file. Request path: '/swagger-ui-standalone-preset.js'. Physical path: 'N/A'
2022-07-03 14:02:00.643 +03:00 [INF] Sending file. Request path: '/swagger-ui-bundle.js'. Physical path: 'N/A'
2022-07-03 14:02:00.653 +03:00 [INF] Request finished HTTP/2 GET https://localhost:7250/swagger/swagger-ui.css - - - 200 143943 text/css 126.8895ms
2022-07-03 14:02:00.660 +03:00 [INF] Request finished HTTP/2 GET https://localhost:7250/_vs/browserLink - - - 200 - text/javascript;+charset=UTF-8 135.8077ms
2022-07-03 14:02:00.656 +03:00 [INF] Request finished HTTP/2 GET https://localhost:7250/swagger/swagger-ui-standalone-preset.js - - - 200 339486 application/javascript 133.6522ms
2022-07-03 14:02:00.660 +03:00 [INF] Request finished HTTP/2 GET https://localhost:7250/swagger/swagger-ui-bundle.js - - - 200 1095087 application/javascript 138.0951ms
2022-07-03 14:02:00.829 +03:00 [INF] Request starting HTTP/2 GET https://localhost:7250/swagger/v1/swagger.json - -
2022-07-03 14:02:00.972 +03:00 [INF] Request finished HTTP/2 GET https://localhost:7250/swagger/v1/swagger.json - - - 200 - application/json;charset=utf-8 142.7323ms
2022-07-03 14:02:43.863 +03:00 [INF] Now listening on: https://localhost:7250
2022-07-03 14:02:43.908 +03:00 [INF] Now listening on: http://localhost:5250
2022-07-03 14:02:43.916 +03:00 [INF] Application started. Press Ctrl+C to shut down.
2022-07-03 14:02:43.920 +03:00 [INF] Hosting environment: Development
2022-07-03 14:02:43.922 +03:00 [INF] Content root path: C:\Users\samoi\source\repos\CoronaApp_backend\CoronaApp_backend\
2022-07-03 14:02:44.647 +03:00 [INF] Request starting HTTP/2 GET https://localhost:7250/swagger - -
2022-07-03 14:02:44.721 +03:00 [INF] Request finished HTTP/2 GET https://localhost:7250/swagger - - - 301 0 - 75.5808ms
2022-07-03 14:02:44.731 +03:00 [INF] Request starting HTTP/2 GET https://localhost:7250/swagger/index.html - -
2022-07-03 14:02:44.870 +03:00 [INF] Request finished HTTP/2 GET https://localhost:7250/swagger/index.html - - - 200 - text/html;charset=utf-8 138.8888ms
2022-07-03 14:02:44.875 +03:00 [INF] Request starting HTTP/2 GET https://localhost:7250/swagger/swagger-ui-standalone-preset.js - -
2022-07-03 14:02:44.878 +03:00 [INF] Request starting HTTP/2 GET https://localhost:7250/swagger/swagger-ui.css - -
2022-07-03 14:02:44.875 +03:00 [INF] Request starting HTTP/2 GET https://localhost:7250/swagger/swagger-ui-bundle.js - -
2022-07-03 14:02:44.875 +03:00 [INF] Request starting HTTP/2 GET https://localhost:7250/_vs/browserLink - -
2022-07-03 14:02:44.875 +03:00 [INF] Request starting HTTP/2 GET https://localhost:7250/_framework/aspnetcore-browser-refresh.js - -
2022-07-03 14:02:44.907 +03:00 [INF] Sending file. Request path: '/swagger-ui.css'. Physical path: 'N/A'
2022-07-03 14:02:44.946 +03:00 [INF] Request finished HTTP/2 GET https://localhost:7250/_framework/aspnetcore-browser-refresh.js - - - 200 12004 application/javascript;+charset=utf-8 70.9736ms
2022-07-03 14:02:44.949 +03:00 [INF] Request finished HTTP/2 GET https://localhost:7250/swagger/swagger-ui.css - - - 200 143943 text/css 68.6160ms
2022-07-03 14:02:44.987 +03:00 [INF] Sending file. Request path: '/swagger-ui-standalone-preset.js'. Physical path: 'N/A'
2022-07-03 14:02:45.003 +03:00 [INF] Sending file. Request path: '/swagger-ui-bundle.js'. Physical path: 'N/A'
2022-07-03 14:02:45.008 +03:00 [INF] Request finished HTTP/2 GET https://localhost:7250/swagger/swagger-ui-standalone-preset.js - - - 200 339486 application/javascript 133.4219ms
2022-07-03 14:02:45.013 +03:00 [INF] Request finished HTTP/2 GET https://localhost:7250/swagger/swagger-ui-bundle.js - - - 200 1095087 application/javascript 138.1152ms
2022-07-03 14:02:45.016 +03:00 [INF] Request finished HTTP/2 GET https://localhost:7250/_vs/browserLink - - - 200 - text/javascript;+charset=UTF-8 139.5083ms
2022-07-03 14:02:45.193 +03:00 [INF] Request starting HTTP/2 GET https://localhost:7250/swagger/v1/swagger.json - -
2022-07-03 14:02:45.328 +03:00 [INF] Request finished HTTP/2 GET https://localhost:7250/swagger/v1/swagger.json - - - 200 - application/json;charset=utf-8 134.9702ms
2022-07-03 14:59:09.503 +03:00 [INF] Now listening on: https://localhost:7250
2022-07-03 14:59:09.528 +03:00 [INF] Now listening on: http://localhost:5250
2022-07-03 14:59:09.536 +03:00 [INF] Application started. Press Ctrl+C to shut down.
2022-07-03 14:59:09.539 +03:00 [INF] Hosting environment: Development
2022-07-03 14:59:09.542 +03:00 [INF] Content root path: C:\Users\samoi\source\repos\CoronaApp_backend\CoronaApp_backend\
2022-07-03 14:59:10.747 +03:00 [INF] Request starting HTTP/2 GET https://localhost:7250/swagger - -
2022-07-03 14:59:10.820 +03:00 [INF] Request finished HTTP/2 GET https://localhost:7250/swagger - - - 301 0 - 74.7113ms
2022-07-03 14:59:10.828 +03:00 [INF] Request starting HTTP/2 GET https://localhost:7250/swagger/index.html - -
2022-07-03 14:59:10.969 +03:00 [INF] Request finished HTTP/2 GET https://localhost:7250/swagger/index.html - - - 200 - text/html;charset=utf-8 140.6522ms
2022-07-03 14:59:10.971 +03:00 [INF] Request starting HTTP/2 GET https://localhost:7250/swagger/swagger-ui-standalone-preset.js - -
2022-07-03 14:59:10.971 +03:00 [INF] Request starting HTTP/2 GET https://localhost:7250/_framework/aspnetcore-browser-refresh.js - -
2022-07-03 14:59:10.971 +03:00 [INF] Request starting HTTP/2 GET https://localhost:7250/swagger/swagger-ui-bundle.js - -
2022-07-03 14:59:10.971 +03:00 [INF] Request starting HTTP/2 GET https://localhost:7250/swagger/swagger-ui.css - -
2022-07-03 14:59:10.973 +03:00 [INF] Request starting HTTP/2 GET https://localhost:7250/_vs/browserLink - -
2022-07-03 14:59:10.988 +03:00 [INF] Request finished HTTP/2 GET https://localhost:7250/_framework/aspnetcore-browser-refresh.js - - - 200 12004 application/javascript;+charset=utf-8 16.9415ms
2022-07-03 14:59:11.083 +03:00 [INF] Sending file. Request path: '/swagger-ui-standalone-preset.js'. Physical path: 'N/A'
2022-07-03 14:59:11.083 +03:00 [INF] Sending file. Request path: '/swagger-ui.css'. Physical path: 'N/A'
2022-07-03 14:59:11.088 +03:00 [INF] Sending file. Request path: '/swagger-ui-bundle.js'. Physical path: 'N/A'
2022-07-03 14:59:11.092 +03:00 [INF] Request finished HTTP/2 GET https://localhost:7250/swagger/swagger-ui-standalone-preset.js - - - 200 339486 application/javascript 121.9629ms
2022-07-03 14:59:11.099 +03:00 [INF] Request finished HTTP/2 GET https://localhost:7250/swagger/swagger-ui-bundle.js - - - 200 1095087 application/javascript 129.3554ms
2022-07-03 14:59:11.095 +03:00 [INF] Request finished HTTP/2 GET https://localhost:7250/swagger/swagger-ui.css - - - 200 143943 text/css 123.8217ms
2022-07-03 14:59:11.103 +03:00 [INF] Request finished HTTP/2 GET https://localhost:7250/_vs/browserLink - - - 200 - text/javascript;+charset=UTF-8 130.3872ms
2022-07-03 14:59:11.258 +03:00 [INF] Request starting HTTP/2 GET https://localhost:7250/swagger/v1/swagger.json - -
2022-07-03 14:59:11.425 +03:00 [INF] Request finished HTTP/2 GET https://localhost:7250/swagger/v1/swagger.json - - - 200 - application/json;charset=utf-8 167.2577ms
2022-07-03 14:59:14.373 +03:00 [INF] Request starting HTTP/2 GET https://localhost:7250/api/CertificatesData - -
2022-07-03 14:59:14.386 +03:00 [INF] Executing endpoint 'CoronaApp_backend.Controllers.CertificatesDataController.GetCertificatesData (CoronaApp_backend)'
2022-07-03 14:59:14.402 +03:00 [INF] Route matched with {action = "GetCertificatesData", controller = "CertificatesData"}. Executing controller action with signature Microsoft.AspNetCore.Mvc.ActionResult`1[System.Collections.Generic.IEnumerable`1[CoronaApp_backend.Models.CertificateDatum]] GetCertificatesData() on controller CoronaApp_backend.Controllers.CertificatesDataController (CoronaApp_backend).
2022-07-03 14:59:15.128 +03:00 [INF] Entity Framework Core 6.0.6 initialized 'CoronavirusCertificatesContext' using provider 'Microsoft.EntityFrameworkCore.SqlServer:6.0.6' with options: None
2022-07-03 14:59:16.035 +03:00 [INF] Executed DbCommand (37ms) [Parameters=[], CommandType='"Text"', CommandTimeout='30']
SELECT [c].[Id], [c].[CertificateId], [c].[CountryCode], [c].[DateOfBirth], [c].[DiseaseCode], [c].[DoseNumber], [c].[EntryDateUtc], [c].[ExpirationTime], [c].[FirstName], [c].[IsValid], [c].[Issuer], [c].[LastName], [c].[Manufacturer], [c].[MedicalProduct], [c].[RawCertificateData], [c].[TotalDoses], [c].[VaccinationDateUtc], [c].[Vaccine]
FROM [CertificatesData] AS [c]
2022-07-03 14:59:16.147 +03:00 [INF] Executing ObjectResult, writing value of type 'System.Collections.Generic.List`1[[CoronaApp_backend.Models.CertificateDatum, CoronaApp_backend, Version=1.0.0.0, Culture=neutral, PublicKeyToken=null]]'.
2022-07-03 14:59:16.168 +03:00 [INF] Executed action CoronaApp_backend.Controllers.CertificatesDataController.GetCertificatesData (CoronaApp_backend) in 1754.4802ms
2022-07-03 14:59:16.173 +03:00 [INF] Executed endpoint 'CoronaApp_backend.Controllers.CertificatesDataController.GetCertificatesData (CoronaApp_backend)'
2022-07-03 14:59:16.184 +03:00 [INF] Request finished HTTP/2 GET https://localhost:7250/api/CertificatesData - - - 200 - application/json;+charset=utf-8 1811.6835ms
2022-07-03 14:59:29.439 +03:00 [INF] Request starting HTTP/2 GET https://localhost:7250/api/CertificatesData/2 - -
2022-07-03 14:59:29.443 +03:00 [INF] Executing endpoint 'CoronaApp_backend.Controllers.CertificatesDataController.GetCertificatesDatum (CoronaApp_backend)'
2022-07-03 14:59:29.457 +03:00 [INF] Route matched with {action = "GetCertificatesDatum", controller = "CertificatesData"}. Executing controller action with signature Microsoft.AspNetCore.Mvc.ActionResult`1[CoronaApp_backend.Models.CertificateDatum] GetCertificatesDatum(Int32) on controller CoronaApp_backend.Controllers.CertificatesDataController (CoronaApp_backend).
2022-07-03 14:59:29.484 +03:00 [INF] Entity Framework Core 6.0.6 initialized 'CoronavirusCertificatesContext' using provider 'Microsoft.EntityFrameworkCore.SqlServer:6.0.6' with options: None
2022-07-03 14:59:29.726 +03:00 [INF] Executed DbCommand (37ms) [Parameters=[@__p_0='?' (DbType = Int32)], CommandType='"Text"', CommandTimeout='30']
SELECT TOP(1) [c].[Id], [c].[CertificateId], [c].[CountryCode], [c].[DateOfBirth], [c].[DiseaseCode], [c].[DoseNumber], [c].[EntryDateUtc], [c].[ExpirationTime], [c].[FirstName], [c].[IsValid], [c].[Issuer], [c].[LastName], [c].[Manufacturer], [c].[MedicalProduct], [c].[RawCertificateData], [c].[TotalDoses], [c].[VaccinationDateUtc], [c].[Vaccine]
FROM [CertificatesData] AS [c]
WHERE [c].[Id] = @__p_0
2022-07-03 14:59:29.733 +03:00 [INF] Executing ObjectResult, writing value of type 'CoronaApp_backend.Models.CertificateDatum'.
2022-07-03 14:59:29.737 +03:00 [INF] Executed action CoronaApp_backend.Controllers.CertificatesDataController.GetCertificatesDatum (CoronaApp_backend) in 274.9013ms
2022-07-03 14:59:29.746 +03:00 [INF] Executed endpoint 'CoronaApp_backend.Controllers.CertificatesDataController.GetCertificatesDatum (CoronaApp_backend)'
2022-07-03 14:59:29.750 +03:00 [INF] Request finished HTTP/2 GET https://localhost:7250/api/CertificatesData/2 - - - 200 - application/json;+charset=utf-8 311.1039ms
2022-07-03 14:59:32.684 +03:00 [INF] Request starting HTTP/2 GET https://localhost:7250/api/CertificatesData/3 - -
2022-07-03 14:59:32.688 +03:00 [INF] Executing endpoint 'CoronaApp_backend.Controllers.CertificatesDataController.GetCertificatesDatum (CoronaApp_backend)'
2022-07-03 14:59:32.692 +03:00 [INF] Route matched with {action = "GetCertificatesDatum", controller = "CertificatesData"}. Executing controller action with signature Microsoft.AspNetCore.Mvc.ActionResult`1[CoronaApp_backend.Models.CertificateDatum] GetCertificatesDatum(Int32) on controller CoronaApp_backend.Controllers.CertificatesDataController (CoronaApp_backend).
2022-07-03 14:59:32.733 +03:00 [INF] Entity Framework Core 6.0.6 initialized 'CoronavirusCertificatesContext' using provider 'Microsoft.EntityFrameworkCore.SqlServer:6.0.6' with options: None
2022-07-03 14:59:32.745 +03:00 [INF] Executed DbCommand (3ms) [Parameters=[@__p_0='?' (DbType = Int32)], CommandType='"Text"', CommandTimeout='30']
SELECT TOP(1) [c].[Id], [c].[CertificateId], [c].[CountryCode], [c].[DateOfBirth], [c].[DiseaseCode], [c].[DoseNumber], [c].[EntryDateUtc], [c].[ExpirationTime], [c].[FirstName], [c].[IsValid], [c].[Issuer], [c].[LastName], [c].[Manufacturer], [c].[MedicalProduct], [c].[RawCertificateData], [c].[TotalDoses], [c].[VaccinationDateUtc], [c].[Vaccine]
FROM [CertificatesData] AS [c]
WHERE [c].[Id] = @__p_0
2022-07-03 14:59:32.751 +03:00 [INF] Executing ObjectResult, writing value of type 'Microsoft.AspNetCore.Mvc.ProblemDetails'.
2022-07-03 14:59:32.756 +03:00 [INF] Executed action CoronaApp_backend.Controllers.CertificatesDataController.GetCertificatesDatum (CoronaApp_backend) in 58.8025ms
2022-07-03 14:59:32.760 +03:00 [INF] Executed endpoint 'CoronaApp_backend.Controllers.CertificatesDataController.GetCertificatesDatum (CoronaApp_backend)'
2022-07-03 14:59:32.764 +03:00 [INF] Request finished HTTP/2 GET https://localhost:7250/api/CertificatesData/3 - - - 404 - application/problem+json;+charset=utf-8 80.1765ms
2022-07-03 15:00:16.692 +03:00 [INF] Request starting HTTP/2 POST https://localhost:7250/api/CertificatesData application/json 713
2022-07-03 15:00:16.706 +03:00 [INF] CORS policy execution failed.
2022-07-03 15:00:16.710 +03:00 [INF] Request origin https://localhost:7250 does not have permission to access the resource.
2022-07-03 15:00:16.713 +03:00 [INF] Executing endpoint 'CoronaApp_backend.Controllers.CertificatesDataController.PostCertificatesDatum (CoronaApp_backend)'
2022-07-03 15:00:16.717 +03:00 [INF] Route matched with {action = "PostCertificatesDatum", controller = "CertificatesData"}. Executing controller action with signature Microsoft.AspNetCore.Mvc.ActionResult`1[CoronaApp_backend.Models.CertificateDatum] PostCertificatesDatum(CoronaApp_backend.Models.CertificateDatum) on controller CoronaApp_backend.Controllers.CertificatesDataController (CoronaApp_backend).
2022-07-03 15:00:17.015 +03:00 [INF] Entity Framework Core 6.0.6 initialized 'CoronavirusCertificatesContext' using provider 'Microsoft.EntityFrameworkCore.SqlServer:6.0.6' with options: None
2022-07-03 15:00:17.169 +03:00 [INF] Executed DbCommand (17ms) [Parameters=[@p0='?' (Size = 64), @p1='?' (Size = 4), @p2='?' (DbType = Date), @p3='?' (Size = 16), @p4='?' (DbType = Int32), @p5='?' (DbType = DateTime), @p6='?' (DbType = DateTime), @p7='?' (Size = 64), @p8='?' (DbType = Boolean), @p9='?' (Size = 128), @p10='?' (Size = 64), @p11='?' (Size = 32), @p12='?' (Size = 32), @p13='?' (Size = 768), @p14='?' (DbType = Int32), @p15='?' (DbType = DateTime), @p16='?' (Size = 16)], CommandType='"Text"', CommandTimeout='30']
SET NOCOUNT ON;
INSERT INTO [CertificatesData] ([CertificateId], [CountryCode], [DateOfBirth], [DiseaseCode], [DoseNumber], [EntryDateUtc], [ExpirationTime], [FirstName], [IsValid], [Issuer], [LastName], [Manufacturer], [MedicalProduct], [RawCertificateData], [TotalDoses], [VaccinationDateUtc], [Vaccine])
VALUES (@p0, @p1, @p2, @p3, @p4, @p5, @p6, @p7, @p8, @p9, @p10, @p11, @p12, @p13, @p14, @p15, @p16);
SELECT [Id]
FROM [CertificatesData]
WHERE @@ROWCOUNT = 1 AND [Id] = scope_identity();
2022-07-03 15:00:17.222 +03:00 [INF] Executing StatusCodeResult, setting HTTP status code 200
2022-07-03 15:00:17.225 +03:00 [INF] Executed action CoronaApp_backend.Controllers.CertificatesDataController.PostCertificatesDatum (CoronaApp_backend) in 504.209ms
2022-07-03 15:00:17.228 +03:00 [INF] Executed endpoint 'CoronaApp_backend.Controllers.CertificatesDataController.PostCertificatesDatum (CoronaApp_backend)'
2022-07-03 15:00:17.232 +03:00 [INF] Request finished HTTP/2 POST https://localhost:7250/api/CertificatesData application/json 713 - 200 0 - 541.1038ms
2022-07-03 15:05:51.045 +03:00 [INF] Now listening on: https://localhost:7250
2022-07-03 15:05:51.072 +03:00 [INF] Now listening on: http://localhost:5250
2022-07-03 15:05:51.082 +03:00 [INF] Application started. Press Ctrl+C to shut down.
2022-07-03 15:05:51.085 +03:00 [INF] Hosting environment: Development
2022-07-03 15:05:51.089 +03:00 [INF] Content root path: C:\Users\samoi\source\repos\CoronaApp_backend\CoronaApp_backend\
2022-07-03 15:05:52.666 +03:00 [INF] Request starting HTTP/2 GET https://localhost:7250/swagger - -
2022-07-03 15:05:52.739 +03:00 [INF] Request finished HTTP/2 GET https://localhost:7250/swagger - - - 301 0 - 75.0408ms
2022-07-03 15:05:52.751 +03:00 [INF] Request starting HTTP/2 GET https://localhost:7250/swagger/index.html - -
2022-07-03 15:05:52.936 +03:00 [INF] Request finished HTTP/2 GET https://localhost:7250/swagger/index.html - - - 200 - text/html;charset=utf-8 185.2578ms
2022-07-03 15:05:52.938 +03:00 [INF] Request starting HTTP/2 GET https://localhost:7250/swagger/swagger-ui-bundle.js - -
2022-07-03 15:05:52.944 +03:00 [INF] Request starting HTTP/2 GET https://localhost:7250/swagger/swagger-ui.css - -
2022-07-03 15:05:52.939 +03:00 [INF] Request starting HTTP/2 GET https://localhost:7250/swagger/swagger-ui-standalone-preset.js - -
2022-07-03 15:05:52.939 +03:00 [INF] Request starting HTTP/2 GET https://localhost:7250/_framework/aspnetcore-browser-refresh.js - -
2022-07-03 15:05:52.945 +03:00 [INF] Request starting HTTP/2 GET https://localhost:7250/_vs/browserLink - -
2022-07-03 15:05:53.034 +03:00 [INF] Request finished HTTP/2 GET https://localhost:7250/_framework/aspnetcore-browser-refresh.js - - - 200 12004 application/javascript;+charset=utf-8 94.4244ms
2022-07-03 15:05:53.051 +03:00 [INF] Sending file. Request path: '/swagger-ui.css'. Physical path: 'N/A'
2022-07-03 15:05:53.051 +03:00 [INF] Sending file. Request path: '/swagger-ui-standalone-preset.js'. Physical path: 'N/A'
2022-07-03 15:05:53.051 +03:00 [INF] Sending file. Request path: '/swagger-ui-bundle.js'. Physical path: 'N/A'
2022-07-03 15:05:53.063 +03:00 [INF] Request finished HTTP/2 GET https://localhost:7250/swagger/swagger-ui-standalone-preset.js - - - 200 339486 application/javascript 125.2240ms
2022-07-03 15:05:53.059 +03:00 [INF] Request finished HTTP/2 GET https://localhost:7250/swagger/swagger-ui.css - - - 200 143943 text/css 115.7487ms
2022-07-03 15:05:53.067 +03:00 [INF] Request finished HTTP/2 GET https://localhost:7250/swagger/swagger-ui-bundle.js - - - 200 1095087 application/javascript 130.3624ms
2022-07-03 15:05:53.074 +03:00 [INF] Request finished HTTP/2 GET https://localhost:7250/_vs/browserLink - - - 200 - text/javascript;+charset=UTF-8 129.8636ms
2022-07-03 15:05:53.244 +03:00 [INF] Request starting HTTP/2 GET https://localhost:7250/swagger/v1/swagger.json - -
2022-07-03 15:05:53.388 +03:00 [INF] Request finished HTTP/2 GET https://localhost:7250/swagger/v1/swagger.json - - - 200 - application/json;charset=utf-8 146.9142ms
2022-07-03 15:05:57.678 +03:00 [INF] Request starting HTTP/2 DELETE https://localhost:7250/api/CertificatesData/4 - -
2022-07-03 15:05:57.686 +03:00 [INF] CORS policy execution failed.
2022-07-03 15:05:57.691 +03:00 [INF] Request origin https://localhost:7250 does not have permission to access the resource.
2022-07-03 15:05:57.700 +03:00 [INF] Executing endpoint 'CoronaApp_backend.Controllers.CertificatesDataController.DeleteCertificatesDatum (CoronaApp_backend)'
2022-07-03 15:05:57.719 +03:00 [INF] Route matched with {action = "DeleteCertificatesDatum", controller = "CertificatesData"}. Executing controller action with signature Microsoft.AspNetCore.Mvc.IActionResult DeleteCertificatesDatum(Int32) on controller CoronaApp_backend.Controllers.CertificatesDataController (CoronaApp_backend).
2022-07-03 15:05:57.924 +03:00 [INF] Executing ObjectResult, writing value of type 'Microsoft.AspNetCore.Mvc.ProblemDetails'.
2022-07-03 15:05:57.935 +03:00 [INF] Executed action CoronaApp_backend.Controllers.CertificatesDataController.DeleteCertificatesDatum (CoronaApp_backend) in 206.303ms
2022-07-03 15:05:57.943 +03:00 [INF] Executed endpoint 'CoronaApp_backend.Controllers.CertificatesDataController.DeleteCertificatesDatum (CoronaApp_backend)'
2022-07-03 15:05:57.950 +03:00 [INF] Request finished HTTP/2 DELETE https://localhost:7250/api/CertificatesData/4 - - - 500 - application/problem+json;+charset=utf-8 272.3947ms
2022-07-03 15:24:01.690 +03:00 [INF] Now listening on: https://localhost:7250
2022-07-03 15:24:01.716 +03:00 [INF] Now listening on: http://localhost:5250
2022-07-03 15:24:01.724 +03:00 [INF] Application started. Press Ctrl+C to shut down.
2022-07-03 15:24:01.727 +03:00 [INF] Hosting environment: Development
2022-07-03 15:24:01.730 +03:00 [INF] Content root path: C:\Users\samoi\source\repos\CoronaApp_backend\CoronaApp_backend\
2022-07-03 15:24:02.896 +03:00 [INF] Request starting HTTP/2 GET https://localhost:7250/swagger - -
2022-07-03 15:24:02.970 +03:00 [INF] Request finished HTTP/2 GET https://localhost:7250/swagger - - - 301 0 - 75.9643ms
2022-07-03 15:24:02.984 +03:00 [INF] Request starting HTTP/2 GET https://localhost:7250/swagger/index.html - -
2022-07-03 15:24:03.122 +03:00 [INF] Request starting HTTP/2 GET https://localhost:7250/swagger/swagger-ui.css - -
2022-07-03 15:24:03.123 +03:00 [INF] Request starting HTTP/2 GET https://localhost:7250/swagger/swagger-ui-bundle.js - -
2022-07-03 15:24:03.123 +03:00 [INF] Request starting HTTP/2 GET https://localhost:7250/swagger/swagger-ui-standalone-preset.js - -
2022-07-03 15:24:03.125 +03:00 [INF] Request starting HTTP/2 GET https://localhost:7250/_framework/aspnetcore-browser-refresh.js - -
2022-07-03 15:24:03.129 +03:00 [INF] Request starting HTTP/2 GET https://localhost:7250/_vs/browserLink - -
2022-07-03 15:24:03.139 +03:00 [INF] Request finished HTTP/2 GET https://localhost:7250/swagger/index.html - - - 200 - text/html;charset=utf-8 154.4291ms
2022-07-03 15:24:03.173 +03:00 [INF] Sending file. Request path: '/swagger-ui.css'. Physical path: 'N/A'
2022-07-03 15:24:03.175 +03:00 [INF] Request finished HTTP/2 GET https://localhost:7250/_framework/aspnetcore-browser-refresh.js - - - 200 12004 application/javascript;+charset=utf-8 50.3376ms
2022-07-03 15:24:03.222 +03:00 [INF] Request finished HTTP/2 GET https://localhost:7250/swagger/swagger-ui.css - - - 200 143943 text/css 99.7163ms
2022-07-03 15:24:03.244 +03:00 [INF] Sending file. Request path: '/swagger-ui-bundle.js'. Physical path: 'N/A'
2022-07-03 15:24:03.244 +03:00 [INF] Sending file. Request path: '/swagger-ui-standalone-preset.js'. Physical path: 'N/A'
2022-07-03 15:24:03.252 +03:00 [INF] Request finished HTTP/2 GET https://localhost:7250/swagger/swagger-ui-bundle.js - - - 200 1095087 application/javascript 129.4408ms
2022-07-03 15:24:03.257 +03:00 [INF] Request finished HTTP/2 GET https://localhost:7250/swagger/swagger-ui-standalone-preset.js - - - 200 339486 application/javascript 133.8109ms
2022-07-03 15:24:03.261 +03:00 [INF] Request finished HTTP/2 GET https://localhost:7250/_vs/browserLink - - - 200 - text/javascript;+charset=UTF-8 131.8028ms
2022-07-03 15:24:03.446 +03:00 [INF] Request starting HTTP/2 GET https://localhost:7250/swagger/v1/swagger.json - -
2022-07-03 15:24:03.600 +03:00 [INF] Request finished HTTP/2 GET https://localhost:7250/swagger/v1/swagger.json - - - 200 - application/json;charset=utf-8 154.3077ms
2022-07-03 15:24:06.953 +03:00 [INF] Request starting HTTP/2 GET https://localhost:7250/api/CertificatesData - -
2022-07-03 15:24:06.964 +03:00 [INF] Executing endpoint 'CoronaApp_backend.Controllers.CertificatesDataController.GetCertificatesData (CoronaApp_backend)'
2022-07-03 15:24:06.975 +03:00 [INF] Route matched with {action = "GetCertificatesData", controller = "CertificatesData"}. Executing controller action with signature Microsoft.AspNetCore.Mvc.ActionResult`1[System.Collections.Generic.IEnumerable`1[CoronaApp_backend.Models.CertificateDatum]] GetCertificatesData() on controller CoronaApp_backend.Controllers.CertificatesDataController (CoronaApp_backend).
2022-07-03 15:24:07.791 +03:00 [INF] Entity Framework Core 6.0.6 initialized 'CoronavirusCertificatesContext' using provider 'Microsoft.EntityFrameworkCore.SqlServer:6.0.6' with options: None
2022-07-03 15:24:08.571 +03:00 [INF] Executed DbCommand (34ms) [Parameters=[], CommandType='"Text"', CommandTimeout='30']
SELECT [c].[Id], [c].[CertificateId], [c].[CountryCode], [c].[DateOfBirth], [c].[DiseaseCode], [c].[DoseNumber], [c].[EntryDateUtc], [c].[ExpirationTime], [c].[FirstName], [c].[IsValid], [c].[Issuer], [c].[LastName], [c].[Manufacturer], [c].[MedicalProduct], [c].[RawCertificateData], [c].[TotalDoses], [c].[VaccinationDateUtc], [c].[Vaccine]
FROM [CertificatesData] AS [c]
2022-07-03 15:24:08.676 +03:00 [INF] Executing ObjectResult, writing value of type 'System.Collections.Generic.List`1[[CoronaApp_backend.Models.CertificateDatum, CoronaApp_backend, Version=1.0.0.0, Culture=neutral, PublicKeyToken=null]]'.
2022-07-03 15:24:08.697 +03:00 [INF] Executed action CoronaApp_backend.Controllers.CertificatesDataController.GetCertificatesData (CoronaApp_backend) in 1712.7102ms
2022-07-03 15:24:08.702 +03:00 [INF] Executed endpoint 'CoronaApp_backend.Controllers.CertificatesDataController.GetCertificatesData (CoronaApp_backend)'
2022-07-03 15:24:08.713 +03:00 [INF] Request finished HTTP/2 GET https://localhost:7250/api/CertificatesData - - - 200 - application/json;+charset=utf-8 1760.1885ms
