2022-07-09 11:42:01.406 +03:00 [INF] Now listening on: https://localhost:7250
2022-07-09 11:42:01.450 +03:00 [INF] Now listening on: http://localhost:5250
2022-07-09 11:42:01.456 +03:00 [INF] Application started. Press Ctrl+C to shut down.
2022-07-09 11:42:01.460 +03:00 [INF] Hosting environment: Development
2022-07-09 11:42:01.463 +03:00 [INF] Content root path: D:\Anton_profile\Programming\C#\CoronaApp_current\CoronaApp\CoronaApp_backend\CoronaApp_backend\
2022-07-09 11:42:03.008 +03:00 [INF] Request starting HTTP/2 GET https://localhost:7250/swagger - -
2022-07-09 11:42:03.129 +03:00 [INF] Request finished HTTP/2 GET https://localhost:7250/swagger - - - 301 0 - 123.5770ms
2022-07-09 11:42:03.134 +03:00 [INF] Request starting HTTP/2 GET https://localhost:7250/swagger/index.html - -
2022-07-09 11:42:03.368 +03:00 [INF] Request starting HTTP/2 GET https://localhost:7250/swagger/swagger-ui-bundle.js - -
2022-07-09 11:42:03.369 +03:00 [INF] Request starting HTTP/2 GET https://localhost:7250/swagger/swagger-ui.css - -
2022-07-09 11:42:03.368 +03:00 [INF] Request starting HTTP/2 GET https://localhost:7250/swagger/swagger-ui-standalone-preset.js - -
2022-07-09 11:42:03.368 +03:00 [INF] Request starting HTTP/2 GET https://localhost:7250/_framework/aspnetcore-browser-refresh.js - -
2022-07-09 11:42:03.370 +03:00 [INF] Request starting HTTP/2 GET https://localhost:7250/_vs/browserLink - -
2022-07-09 11:42:03.387 +03:00 [INF] Request finished HTTP/2 GET https://localhost:7250/swagger/index.html - - - 200 - text/html;charset=utf-8 253.0816ms
2022-07-09 11:42:03.417 +03:00 [INF] Request finished HTTP/2 GET https://localhost:7250/_framework/aspnetcore-browser-refresh.js - - - 200 12004 application/javascript;+charset=utf-8 48.0937ms
2022-07-09 11:42:03.436 +03:00 [INF] Sending file. Request path: '/swagger-ui.css'. Physical path: 'N/A'
2022-07-09 11:42:03.454 +03:00 [INF] Request finished HTTP/2 GET https://localhost:7250/swagger/swagger-ui.css - - - 200 143943 text/css 84.4238ms
2022-07-09 11:42:03.490 +03:00 [INF] Sending file. Request path: '/swagger-ui-standalone-preset.js'. Physical path: 'N/A'
2022-07-09 11:42:03.497 +03:00 [INF] Request finished HTTP/2 GET https://localhost:7250/swagger/swagger-ui-standalone-preset.js - - - 200 339486 application/javascript 128.9132ms
2022-07-09 11:42:03.513 +03:00 [INF] Sending file. Request path: '/swagger-ui-bundle.js'. Physical path: 'N/A'
2022-07-09 11:42:03.518 +03:00 [INF] Request finished HTTP/2 GET https://localhost:7250/swagger/swagger-ui-bundle.js - - - 200 1095087 application/javascript 150.3281ms
2022-07-09 11:42:03.518 +03:00 [INF] Request finished HTTP/2 GET https://localhost:7250/_vs/browserLink - - - 200 - text/javascript;+charset=UTF-8 149.0361ms
2022-07-09 11:42:03.716 +03:00 [INF] Request starting HTTP/2 GET https://localhost:7250/swagger/v1/swagger.json - -
2022-07-09 11:42:03.861 +03:00 [INF] Request finished HTTP/2 GET https://localhost:7250/swagger/v1/swagger.json - - - 200 - application/json;charset=utf-8 145.5058ms
2022-07-09 11:42:08.785 +03:00 [INF] Request starting HTTP/2 POST https://localhost:7250/api/CertificatesData application/json 713
2022-07-09 11:42:08.793 +03:00 [INF] CORS policy execution failed.
2022-07-09 11:42:08.797 +03:00 [INF] Request origin https://localhost:7250 does not have permission to access the resource.
2022-07-09 11:42:08.819 +03:00 [INF] Request Body: content-type: application/json
{
  "rawCertificateData": "HC1:NCF280090T9WTWGSLKC 4459R-2G13%DV89BFBBJR2*700ZAWY0BGCY-3FN0LQCOAMD97TK0F90$PC5$CUZC$$5Y$5TPCBEC7ZKW.COYEOKK*FM6*NN5O3MNKXNE:M$:NYRN43OW.CCWESNA Y9:B9CY8JN9 JC6/DMGQMHQ*LQNHQMHQMPCG/D1 CR+971AJPCT3E5JDOA79%67463W5JB77:EDOL9WEQDD+Q6TW6FA7C466KCK9E2H9G:6V6BEM6Q$D.UDRYA 96OF6L/5SW6KB7B$D% D3IA4W5646646/96OA7XJC$+D3KC.SCXJCCWENF6OF64W5KF6$96WJCT3E0ZA%JC*QEYOAIECDZC:Y87WE1LE*KELQE 24LS8XB9RF4OPCO8FHZA1+9LZAZM81G72A60ZAKG7US83B7JS9I1B4:6KA6IIAD460IA4OAZR6V+9F58 ZLPDON$7ODON1WP0DK:2PPOBD28SH*QIUXS/E6LK3W88UDS7-6VUSKYJYJRI91004ECG$6F$4MK08YAABPGOIVBBUPJV30NM4PU1",
  "FirstName" : "Anton",
  "LastName" : "Samoilenko",
  "DateOfBirth" : "1996-01-09T00:00:00.000Z",
  "isValid": true
}
2022-07-09 11:42:08.828 +03:00 [INF] Executing endpoint 'CoronaApp_backend.Controllers.CertificatesDataController.PostCertificatesDatum (CoronaApp_backend)'
2022-07-09 11:42:08.851 +03:00 [INF] Route matched with {action = "PostCertificatesDatum", controller = "CertificatesData"}. Executing controller action with signature Microsoft.AspNetCore.Mvc.ActionResult`1[CoronaApp_DbInfo.Models.CertificateDatum] PostCertificatesDatum(CoronaApp_DbInfo.Models.CertificateDatum) on controller CoronaApp_backend.Controllers.CertificatesDataController (CoronaApp_backend).
2022-07-09 11:42:09.882 +03:00 [INF] Entity Framework Core 6.0.6 initialized 'CoronavirusCertificatesDbContext' using provider 'Microsoft.EntityFrameworkCore.SqlServer:6.0.6' with options: None
2022-07-09 11:42:10.632 +03:00 [INF] Executed DbCommand (54ms) [Parameters=[@p0='?' (Size = 64), @p1='?' (Size = 4), @p2='?' (DbType = DateTime2), @p3='?' (Size = 16), @p4='?' (DbType = Int32), @p5='?' (DbType = DateTime2), @p6='?' (DbType = DateTime2), @p7='?' (Size = 64), @p8='?' (DbType = Boolean), @p9='?' (Size = 128), @p10='?' (Size = 64), @p11='?' (Size = 32), @p12='?' (Size = 32), @p13='?' (Size = 1024), @p14='?' (DbType = Int32), @p15='?' (DbType = DateTime2), @p16='?' (Size = 16)], CommandType='"Text"', CommandTimeout='30']
SET NOCOUNT ON;
INSERT INTO [CertificatesData] ([CertificateId], [CountryCode], [DateOfBirth], [DiseaseCode], [DoseNumber], [EntryDateUtc], [ExpirationTime], [FirstName], [IsValid], [Issuer], [LastName], [Manufacturer], [MedicalProduct], [RawCertificateData], [TotalDoses], [VaccinationDateUtc], [Vaccine])
VALUES (@p0, @p1, @p2, @p3, @p4, @p5, @p6, @p7, @p8, @p9, @p10, @p11, @p12, @p13, @p14, @p15, @p16);
SELECT [Id]
FROM [CertificatesData]
WHERE @@ROWCOUNT = 1 AND [Id] = scope_identity();
2022-07-09 11:42:10.717 +03:00 [INF] Executing StatusCodeResult, setting HTTP status code 200
2022-07-09 11:42:10.725 +03:00 [INF] Executed action CoronaApp_backend.Controllers.CertificatesDataController.PostCertificatesDatum (CoronaApp_backend) in 1862.2012ms
2022-07-09 11:42:10.730 +03:00 [INF] Executed endpoint 'CoronaApp_backend.Controllers.CertificatesDataController.PostCertificatesDatum (CoronaApp_backend)'
2022-07-09 11:42:10.743 +03:00 [INF] Request finished HTTP/2 POST https://localhost:7250/api/CertificatesData application/json 713 - 200 0 - 1958.2484ms
2022-07-09 11:42:16.603 +03:00 [INF] Request starting HTTP/2 POST https://localhost:7250/api/CertificatesData application/json 121
2022-07-09 11:42:16.607 +03:00 [INF] CORS policy execution failed.
2022-07-09 11:42:16.610 +03:00 [INF] Request origin https://localhost:7250 does not have permission to access the resource.
2022-07-09 11:42:16.614 +03:00 [INF] Request Body: content-type: application/json
{
  "FirstName" : "Anton",
  "LastName" : "Samoilenko",
  "DateOfBirth" : "1996-01-09T00:00:00.000Z",
  "isValid": true
}
2022-07-09 11:42:16.618 +03:00 [INF] Executing endpoint 'CoronaApp_backend.Controllers.CertificatesDataController.PostCertificatesDatum (CoronaApp_backend)'
2022-07-09 11:42:16.622 +03:00 [INF] Route matched with {action = "PostCertificatesDatum", controller = "CertificatesData"}. Executing controller action with signature Microsoft.AspNetCore.Mvc.ActionResult`1[CoronaApp_DbInfo.Models.CertificateDatum] PostCertificatesDatum(CoronaApp_DbInfo.Models.CertificateDatum) on controller CoronaApp_backend.Controllers.CertificatesDataController (CoronaApp_backend).
2022-07-09 11:42:16.632 +03:00 [INF] Executing BadRequestObjectResult, writing value of type 'Microsoft.AspNetCore.Mvc.ValidationProblemDetails'.
2022-07-09 11:42:16.639 +03:00 [INF] Executed action CoronaApp_backend.Controllers.CertificatesDataController.PostCertificatesDatum (CoronaApp_backend) in 12.616ms
2022-07-09 11:42:16.643 +03:00 [INF] Executed endpoint 'CoronaApp_backend.Controllers.CertificatesDataController.PostCertificatesDatum (CoronaApp_backend)'
2022-07-09 11:42:16.647 +03:00 [INF] Response Body: content-type: application/problem+json; charset=utf-8

{
  "type" : "https : //tools.ietf.org/html/rfc7231#section-6.5.1",
  "title" : "One or more validation errors occurred.",
  "status" : 400,
  "traceId" : "00-965ae0de80582923d32aa9028fd52099-053b048413f12d85-00",
  "errors" : 
{
  "RawCertificateData" : ["The RawCertificateData field is required."]
}
}
2022-07-09 11:42:16.651 +03:00 [INF] Request finished HTTP/2 POST https://localhost:7250/api/CertificatesData application/json 121 - 400 - application/problem+json;+charset=utf-8 48.6002ms
2022-07-09 11:42:21.328 +03:00 [INF] Request starting HTTP/2 GET https://localhost:7250/api/CertificatesData - -
2022-07-09 11:42:21.332 +03:00 [INF] Executing endpoint 'CoronaApp_backend.Controllers.CertificatesDataController.GetCertificatesData (CoronaApp_backend)'
2022-07-09 11:42:21.336 +03:00 [INF] Route matched with {action = "GetCertificatesData", controller = "CertificatesData"}. Executing controller action with signature Microsoft.AspNetCore.Mvc.ActionResult`1[System.Collections.Generic.IEnumerable`1[CoronaApp_DbInfo.Models.CertificateDatum]] GetCertificatesData() on controller CoronaApp_backend.Controllers.CertificatesDataController (CoronaApp_backend).
2022-07-09 11:42:21.372 +03:00 [INF] Entity Framework Core 6.0.6 initialized 'CoronavirusCertificatesDbContext' using provider 'Microsoft.EntityFrameworkCore.SqlServer:6.0.6' with options: None
2022-07-09 11:42:21.615 +03:00 [INF] Executed DbCommand (6ms) [Parameters=[], CommandType='"Text"', CommandTimeout='30']
SELECT [c].[Id], [c].[CertificateId], [c].[CountryCode], [c].[DateOfBirth], [c].[DiseaseCode], [c].[DoseNumber], [c].[EntryDateUtc], [c].[ExpirationTime], [c].[FirstName], [c].[IsValid], [c].[Issuer], [c].[LastName], [c].[Manufacturer], [c].[MedicalProduct], [c].[RawCertificateData], [c].[TotalDoses], [c].[VaccinationDateUtc], [c].[Vaccine]
FROM [CertificatesData] AS [c]
2022-07-09 11:42:21.628 +03:00 [INF] Executing ObjectResult, writing value of type 'System.Collections.Generic.List`1[[CoronaApp_DbInfo.Models.CertificateDatum, CoronaApp_DbInfo, Version=1.0.0.0, Culture=neutral, PublicKeyToken=null]]'.
2022-07-09 11:42:21.640 +03:00 [INF] Executed action CoronaApp_backend.Controllers.CertificatesDataController.GetCertificatesData (CoronaApp_backend) in 299.9028ms
2022-07-09 11:42:21.646 +03:00 [INF] Executed endpoint 'CoronaApp_backend.Controllers.CertificatesDataController.GetCertificatesData (CoronaApp_backend)'
2022-07-09 11:42:21.649 +03:00 [INF] Request finished HTTP/2 GET https://localhost:7250/api/CertificatesData - - - 200 - application/json;+charset=utf-8 321.6461ms
